[23-Dec-2024 08:31:06 America/Bogota] Iniciando App
[23-Dec-2024 08:31:06 America/Bogota] ===================================================
[23-Dec-2024 08:31:06 America/Bogota] sessionController::getUserSessionData(): usuario-Oficial@gmail.com
[23-Dec-2024 08:31:06 America/Bogota] sessionController::getUserSessionData(): rol-2
[23-Dec-2024 08:31:06 America/Bogota] sessionController::getUserSessionData(): local-2
[23-Dec-2024 08:31:06 America/Bogota] Admin::construct -> Inicio del controlador Gestion residuos
[23-Dec-2024 08:31:06 America/Bogota] Iniciando App
[23-Dec-2024 08:31:06 America/Bogota] ===================================================
[23-Dec-2024 08:31:06 America/Bogota] sessionController::getUserSessionData(): usuario-Oficial@gmail.com
[23-Dec-2024 08:31:06 America/Bogota] sessionController::getUserSessionData(): rol-2
[23-Dec-2024 08:31:06 America/Bogota] sessionController::getUserSessionData(): local-2
[23-Dec-2024 08:31:06 America/Bogota] Admin::construct -> Inicio del controlador Gestion residuos
[23-Dec-2024 08:31:06 America/Bogota] Gestion residuos::render -> Cargando vista de Gestion residuos
[23-Dec-2024 08:31:06 America/Bogota] PHP Warning:  Undefined array key "numero_factura" in C:\xampp\htdocs\SamiSalud-POS\models\qualityControlModel.php on line 445
[23-Dec-2024 08:31:06 America/Bogota] PHP Warning:  Undefined array key "proveedor" in C:\xampp\htdocs\SamiSalud-POS\models\qualityControlModel.php on line 446
[23-Dec-2024 08:31:06 America/Bogota] PHP Warning:  Undefined array key "total_producto" in C:\xampp\htdocs\SamiSalud-POS\models\qualityControlModel.php on line 447
[23-Dec-2024 08:31:06 America/Bogota] PHP Warning:  Undefined array key "total_faltantes" in C:\xampp\htdocs\SamiSalud-POS\models\qualityControlModel.php on line 448
[23-Dec-2024 08:31:06 America/Bogota] PHP Warning:  Undefined array key "total_devolucion" in C:\xampp\htdocs\SamiSalud-POS\models\qualityControlModel.php on line 449
[23-Dec-2024 08:31:06 America/Bogota] PHP Warning:  Undefined array key "cantidad_ingresada" in C:\xampp\htdocs\SamiSalud-POS\models\qualityControlModel.php on line 452
[23-Dec-2024 08:31:06 America/Bogota] PHP Warning:  Undefined array key "banio" in C:\xampp\htdocs\SamiSalud-POS\models\qualityControlModel.php on line 456
[23-Dec-2024 08:31:06 America/Bogota] PHP Warning:  Undefined array key "inyectologia" in C:\xampp\htdocs\SamiSalud-POS\models\qualityControlModel.php on line 457
[23-Dec-2024 08:31:06 America/Bogota] PHP Warning:  Undefined array key "techos_paredes" in C:\xampp\htdocs\SamiSalud-POS\models\qualityControlModel.php on line 458
[23-Dec-2024 08:31:06 America/Bogota] PHP Warning:  Undefined array key "pisos_dispensacion" in C:\xampp\htdocs\SamiSalud-POS\models\qualityControlModel.php on line 459
[23-Dec-2024 08:31:06 America/Bogota] PHP Warning:  Undefined array key "estantes_vitrinas_cajoneras" in C:\xampp\htdocs\SamiSalud-POS\models\qualityControlModel.php on line 460
[23-Dec-2024 08:31:06 America/Bogota] PHP Warning:  Undefined array key "canecas" in C:\xampp\htdocs\SamiSalud-POS\models\qualityControlModel.php on line 461
[23-Dec-2024 08:31:06 America/Bogota] PHP Warning:  Undefined array key "techos_paredes" in C:\xampp\htdocs\SamiSalud-POS\models\qualityControlModel.php on line 463
[23-Dec-2024 08:31:06 America/Bogota] PHP Warning:  Undefined array key "pisos_dispensacion" in C:\xampp\htdocs\SamiSalud-POS\models\qualityControlModel.php on line 464
[23-Dec-2024 08:31:06 America/Bogota] PHP Warning:  Undefined array key "estantes_vitrinas_cajoneras" in C:\xampp\htdocs\SamiSalud-POS\models\qualityControlModel.php on line 465
[23-Dec-2024 08:31:06 America/Bogota] PHP Warning:  Undefined array key "canecas" in C:\xampp\htdocs\SamiSalud-POS\models\qualityControlModel.php on line 466
[23-Dec-2024 08:31:06 America/Bogota] PHP Warning:  Undefined array key "temperatura" in C:\xampp\htdocs\SamiSalud-POS\models\qualityControlModel.php on line 469
[23-Dec-2024 08:31:06 America/Bogota] PHP Warning:  Undefined array key "manana" in C:\xampp\htdocs\SamiSalud-POS\models\qualityControlModel.php on line 470
[23-Dec-2024 08:31:06 America/Bogota] PHP Warning:  Undefined array key "tarde" in C:\xampp\htdocs\SamiSalud-POS\models\qualityControlModel.php on line 471
[23-Dec-2024 08:31:06 America/Bogota] PHP Warning:  Undefined array key "archivo_pdf" in C:\xampp\htdocs\SamiSalud-POS\models\qualityControlModel.php on line 474
[23-Dec-2024 08:31:06 America/Bogota] PHP Warning:  Undefined array key "numero_factura" in C:\xampp\htdocs\SamiSalud-POS\models\qualityControlModel.php on line 445
[23-Dec-2024 08:31:06 America/Bogota] PHP Warning:  Undefined array key "proveedor" in C:\xampp\htdocs\SamiSalud-POS\models\qualityControlModel.php on line 446
[23-Dec-2024 08:31:06 America/Bogota] PHP Warning:  Undefined array key "total_producto" in C:\xampp\htdocs\SamiSalud-POS\models\qualityControlModel.php on line 447
[23-Dec-2024 08:31:06 America/Bogota] PHP Warning:  Undefined array key "total_faltantes" in C:\xampp\htdocs\SamiSalud-POS\models\qualityControlModel.php on line 448
[23-Dec-2024 08:31:06 America/Bogota] PHP Warning:  Undefined array key "total_devolucion" in C:\xampp\htdocs\SamiSalud-POS\models\qualityControlModel.php on line 449
[23-Dec-2024 08:31:06 America/Bogota] PHP Warning:  Undefined array key "cantidad_ingresada" in C:\xampp\htdocs\SamiSalud-POS\models\qualityControlModel.php on line 452
[23-Dec-2024 08:31:06 America/Bogota] PHP Warning:  Undefined array key "banio" in C:\xampp\htdocs\SamiSalud-POS\models\qualityControlModel.php on line 456
[23-Dec-2024 08:31:06 America/Bogota] PHP Warning:  Undefined array key "inyectologia" in C:\xampp\htdocs\SamiSalud-POS\models\qualityControlModel.php on line 457
[23-Dec-2024 08:31:06 America/Bogota] PHP Warning:  Undefined array key "techos_paredes" in C:\xampp\htdocs\SamiSalud-POS\models\qualityControlModel.php on line 458
[23-Dec-2024 08:31:06 America/Bogota] PHP Warning:  Undefined array key "pisos_dispensacion" in C:\xampp\htdocs\SamiSalud-POS\models\qualityControlModel.php on line 459
[23-Dec-2024 08:31:06 America/Bogota] PHP Warning:  Undefined array key "estantes_vitrinas_cajoneras" in C:\xampp\htdocs\SamiSalud-POS\models\qualityControlModel.php on line 460
[23-Dec-2024 08:31:06 America/Bogota] PHP Warning:  Undefined array key "canecas" in C:\xampp\htdocs\SamiSalud-POS\models\qualityControlModel.php on line 461
[23-Dec-2024 08:31:06 America/Bogota] PHP Warning:  Undefined array key "techos_paredes" in C:\xampp\htdocs\SamiSalud-POS\models\qualityControlModel.php on line 463
[23-Dec-2024 08:31:06 America/Bogota] PHP Warning:  Undefined array key "pisos_dispensacion" in C:\xampp\htdocs\SamiSalud-POS\models\qualityControlModel.php on line 464
[23-Dec-2024 08:31:06 America/Bogota] PHP Warning:  Undefined array key "estantes_vitrinas_cajoneras" in C:\xampp\htdocs\SamiSalud-POS\models\qualityControlModel.php on line 465
[23-Dec-2024 08:31:06 America/Bogota] PHP Warning:  Undefined array key "canecas" in C:\xampp\htdocs\SamiSalud-POS\models\qualityControlModel.php on line 466
[23-Dec-2024 08:31:06 America/Bogota] PHP Warning:  Undefined array key "temperatura" in C:\xampp\htdocs\SamiSalud-POS\models\qualityControlModel.php on line 469
[23-Dec-2024 08:31:06 America/Bogota] PHP Warning:  Undefined array key "manana" in C:\xampp\htdocs\SamiSalud-POS\models\qualityControlModel.php on line 470
[23-Dec-2024 08:31:06 America/Bogota] PHP Warning:  Undefined array key "tarde" in C:\xampp\htdocs\SamiSalud-POS\models\qualityControlModel.php on line 471
[23-Dec-2024 08:31:06 America/Bogota] PHP Warning:  Undefined array key "archivo_pdf" in C:\xampp\htdocs\SamiSalud-POS\models\qualityControlModel.php on line 474
[23-Dec-2024 08:31:07 America/Bogota] sessionController::getUserSessionData(): usuario-Oficial@gmail.com
[23-Dec-2024 08:31:07 America/Bogota] sessionController::getUserSessionData(): rol-2
[23-Dec-2024 08:31:07 America/Bogota] sessionController::getUserSessionData(): local-2
[23-Dec-2024 08:32:44 America/Bogota] Iniciando App
[23-Dec-2024 08:32:44 America/Bogota] ===================================================
[23-Dec-2024 08:32:44 America/Bogota] sessionController::getUserSessionData(): usuario-Oficial@gmail.com
[23-Dec-2024 08:32:44 America/Bogota] sessionController::getUserSessionData(): rol-2
[23-Dec-2024 08:32:44 America/Bogota] sessionController::getUserSessionData(): local-2
[23-Dec-2024 08:32:44 America/Bogota] Admin::construct -> Inicio del controlador Gestion residuos
[23-Dec-2024 08:32:44 America/Bogota] Gestion residuos::render -> Cargando vista de Gestion residuos
[23-Dec-2024 08:32:44 America/Bogota] PHP Warning:  Undefined array key "numero_factura" in C:\xampp\htdocs\SamiSalud-POS\models\qualityControlModel.php on line 445
[23-Dec-2024 08:32:44 America/Bogota] PHP Warning:  Undefined array key "proveedor" in C:\xampp\htdocs\SamiSalud-POS\models\qualityControlModel.php on line 446
[23-Dec-2024 08:32:44 America/Bogota] PHP Warning:  Undefined array key "total_producto" in C:\xampp\htdocs\SamiSalud-POS\models\qualityControlModel.php on line 447
[23-Dec-2024 08:32:44 America/Bogota] PHP Warning:  Undefined array key "total_faltantes" in C:\xampp\htdocs\SamiSalud-POS\models\qualityControlModel.php on line 448
[23-Dec-2024 08:32:44 America/Bogota] PHP Warning:  Undefined array key "total_devolucion" in C:\xampp\htdocs\SamiSalud-POS\models\qualityControlModel.php on line 449
[23-Dec-2024 08:32:44 America/Bogota] PHP Warning:  Undefined array key "cantidad_ingresada" in C:\xampp\htdocs\SamiSalud-POS\models\qualityControlModel.php on line 452
[23-Dec-2024 08:32:44 America/Bogota] PHP Warning:  Undefined array key "banio" in C:\xampp\htdocs\SamiSalud-POS\models\qualityControlModel.php on line 456
[23-Dec-2024 08:32:44 America/Bogota] PHP Warning:  Undefined array key "inyectologia" in C:\xampp\htdocs\SamiSalud-POS\models\qualityControlModel.php on line 457
[23-Dec-2024 08:32:44 America/Bogota] PHP Warning:  Undefined array key "techos_paredes" in C:\xampp\htdocs\SamiSalud-POS\models\qualityControlModel.php on line 458
[23-Dec-2024 08:32:44 America/Bogota] PHP Warning:  Undefined array key "pisos_dispensacion" in C:\xampp\htdocs\SamiSalud-POS\models\qualityControlModel.php on line 459
[23-Dec-2024 08:32:44 America/Bogota] PHP Warning:  Undefined array key "estantes_vitrinas_cajoneras" in C:\xampp\htdocs\SamiSalud-POS\models\qualityControlModel.php on line 460
[23-Dec-2024 08:32:44 America/Bogota] PHP Warning:  Undefined array key "canecas" in C:\xampp\htdocs\SamiSalud-POS\models\qualityControlModel.php on line 461
[23-Dec-2024 08:32:44 America/Bogota] PHP Warning:  Undefined array key "techos_paredes" in C:\xampp\htdocs\SamiSalud-POS\models\qualityControlModel.php on line 463
[23-Dec-2024 08:32:44 America/Bogota] PHP Warning:  Undefined array key "pisos_dispensacion" in C:\xampp\htdocs\SamiSalud-POS\models\qualityControlModel.php on line 464
[23-Dec-2024 08:32:44 America/Bogota] PHP Warning:  Undefined array key "estantes_vitrinas_cajoneras" in C:\xampp\htdocs\SamiSalud-POS\models\qualityControlModel.php on line 465
[23-Dec-2024 08:32:44 America/Bogota] PHP Warning:  Undefined array key "canecas" in C:\xampp\htdocs\SamiSalud-POS\models\qualityControlModel.php on line 466
[23-Dec-2024 08:32:44 America/Bogota] PHP Warning:  Undefined array key "temperatura" in C:\xampp\htdocs\SamiSalud-POS\models\qualityControlModel.php on line 469
[23-Dec-2024 08:32:44 America/Bogota] PHP Warning:  Undefined array key "manana" in C:\xampp\htdocs\SamiSalud-POS\models\qualityControlModel.php on line 470
[23-Dec-2024 08:32:44 America/Bogota] PHP Warning:  Undefined array key "tarde" in C:\xampp\htdocs\SamiSalud-POS\models\qualityControlModel.php on line 471
[23-Dec-2024 08:32:44 America/Bogota] PHP Warning:  Undefined array key "archivo_pdf" in C:\xampp\htdocs\SamiSalud-POS\models\qualityControlModel.php on line 474
[23-Dec-2024 08:32:44 America/Bogota] PHP Warning:  Undefined array key "numero_factura" in C:\xampp\htdocs\SamiSalud-POS\models\qualityControlModel.php on line 445
[23-Dec-2024 08:32:44 America/Bogota] PHP Warning:  Undefined array key "proveedor" in C:\xampp\htdocs\SamiSalud-POS\models\qualityControlModel.php on line 446
[23-Dec-2024 08:32:44 America/Bogota] PHP Warning:  Undefined array key "total_producto" in C:\xampp\htdocs\SamiSalud-POS\models\qualityControlModel.php on line 447
[23-Dec-2024 08:32:44 America/Bogota] PHP Warning:  Undefined array key "total_faltantes" in C:\xampp\htdocs\SamiSalud-POS\models\qualityControlModel.php on line 448
[23-Dec-2024 08:32:44 America/Bogota] PHP Warning:  Undefined array key "total_devolucion" in C:\xampp\htdocs\SamiSalud-POS\models\qualityControlModel.php on line 449
[23-Dec-2024 08:32:44 America/Bogota] PHP Warning:  Undefined array key "cantidad_ingresada" in C:\xampp\htdocs\SamiSalud-POS\models\qualityControlModel.php on line 452
[23-Dec-2024 08:32:44 America/Bogota] PHP Warning:  Undefined array key "banio" in C:\xampp\htdocs\SamiSalud-POS\models\qualityControlModel.php on line 456
[23-Dec-2024 08:32:44 America/Bogota] PHP Warning:  Undefined array key "inyectologia" in C:\xampp\htdocs\SamiSalud-POS\models\qualityControlModel.php on line 457
[23-Dec-2024 08:32:44 America/Bogota] PHP Warning:  Undefined array key "techos_paredes" in C:\xampp\htdocs\SamiSalud-POS\models\qualityControlModel.php on line 458
[23-Dec-2024 08:32:44 America/Bogota] PHP Warning:  Undefined array key "pisos_dispensacion" in C:\xampp\htdocs\SamiSalud-POS\models\qualityControlModel.php on line 459
[23-Dec-2024 08:32:44 America/Bogota] PHP Warning:  Undefined array key "estantes_vitrinas_cajoneras" in C:\xampp\htdocs\SamiSalud-POS\models\qualityControlModel.php on line 460
[23-Dec-2024 08:32:44 America/Bogota] PHP Warning:  Undefined array key "canecas" in C:\xampp\htdocs\SamiSalud-POS\models\qualityControlModel.php on line 461
[23-Dec-2024 08:32:44 America/Bogota] PHP Warning:  Undefined array key "techos_paredes" in C:\xampp\htdocs\SamiSalud-POS\models\qualityControlModel.php on line 463
[23-Dec-2024 08:32:44 America/Bogota] PHP Warning:  Undefined array key "pisos_dispensacion" in C:\xampp\htdocs\SamiSalud-POS\models\qualityControlModel.php on line 464
[23-Dec-2024 08:32:44 America/Bogota] PHP Warning:  Undefined array key "estantes_vitrinas_cajoneras" in C:\xampp\htdocs\SamiSalud-POS\models\qualityControlModel.php on line 465
[23-Dec-2024 08:32:44 America/Bogota] PHP Warning:  Undefined array key "canecas" in C:\xampp\htdocs\SamiSalud-POS\models\qualityControlModel.php on line 466
[23-Dec-2024 08:32:44 America/Bogota] PHP Warning:  Undefined array key "temperatura" in C:\xampp\htdocs\SamiSalud-POS\models\qualityControlModel.php on line 469
[23-Dec-2024 08:32:44 America/Bogota] PHP Warning:  Undefined array key "manana" in C:\xampp\htdocs\SamiSalud-POS\models\qualityControlModel.php on line 470
[23-Dec-2024 08:32:44 America/Bogota] PHP Warning:  Undefined array key "tarde" in C:\xampp\htdocs\SamiSalud-POS\models\qualityControlModel.php on line 471
[23-Dec-2024 08:32:44 America/Bogota] PHP Warning:  Undefined array key "archivo_pdf" in C:\xampp\htdocs\SamiSalud-POS\models\qualityControlModel.php on line 474
[23-Dec-2024 08:32:44 America/Bogota] sessionController::getUserSessionData(): usuario-Oficial@gmail.com
[23-Dec-2024 08:32:44 America/Bogota] sessionController::getUserSessionData(): rol-2
[23-Dec-2024 08:32:44 America/Bogota] sessionController::getUserSessionData(): local-2
[23-Dec-2024 08:32:52 America/Bogota] Iniciando App
[23-Dec-2024 08:32:52 America/Bogota] ===================================================
[23-Dec-2024 08:32:52 America/Bogota] sessionController::getUserSessionData(): usuario-Oficial@gmail.com
[23-Dec-2024 08:32:52 America/Bogota] sessionController::getUserSessionData(): rol-2
[23-Dec-2024 08:32:52 America/Bogota] sessionController::getUserSessionData(): local-2
[23-Dec-2024 08:32:52 America/Bogota] Admin::construct -> Inicio del controlador Gestion residuos
[23-Dec-2024 08:32:52 America/Bogota] Iniciando App
[23-Dec-2024 08:32:52 America/Bogota] ===================================================
[23-Dec-2024 08:32:52 America/Bogota] sessionController::getUserSessionData(): usuario-Oficial@gmail.com
[23-Dec-2024 08:32:52 America/Bogota] sessionController::getUserSessionData(): rol-2
[23-Dec-2024 08:32:52 America/Bogota] sessionController::getUserSessionData(): local-2
[23-Dec-2024 08:32:52 America/Bogota] Admin::construct -> Inicio del controlador Gestion residuos
[23-Dec-2024 08:32:52 America/Bogota] Gestion residuos::render -> Cargando vista de Gestion residuos
[23-Dec-2024 08:32:52 America/Bogota] PHP Warning:  Undefined array key "numero_factura" in C:\xampp\htdocs\SamiSalud-POS\models\qualityControlModel.php on line 445
[23-Dec-2024 08:32:52 America/Bogota] PHP Warning:  Undefined array key "proveedor" in C:\xampp\htdocs\SamiSalud-POS\models\qualityControlModel.php on line 446
[23-Dec-2024 08:32:52 America/Bogota] PHP Warning:  Undefined array key "total_producto" in C:\xampp\htdocs\SamiSalud-POS\models\qualityControlModel.php on line 447
[23-Dec-2024 08:32:52 America/Bogota] PHP Warning:  Undefined array key "total_faltantes" in C:\xampp\htdocs\SamiSalud-POS\models\qualityControlModel.php on line 448
[23-Dec-2024 08:32:52 America/Bogota] PHP Warning:  Undefined array key "total_devolucion" in C:\xampp\htdocs\SamiSalud-POS\models\qualityControlModel.php on line 449
[23-Dec-2024 08:32:52 America/Bogota] PHP Warning:  Undefined array key "cantidad_ingresada" in C:\xampp\htdocs\SamiSalud-POS\models\qualityControlModel.php on line 452
[23-Dec-2024 08:32:52 America/Bogota] PHP Warning:  Undefined array key "banio" in C:\xampp\htdocs\SamiSalud-POS\models\qualityControlModel.php on line 456
[23-Dec-2024 08:32:52 America/Bogota] PHP Warning:  Undefined array key "inyectologia" in C:\xampp\htdocs\SamiSalud-POS\models\qualityControlModel.php on line 457
[23-Dec-2024 08:32:52 America/Bogota] PHP Warning:  Undefined array key "techos_paredes" in C:\xampp\htdocs\SamiSalud-POS\models\qualityControlModel.php on line 458
[23-Dec-2024 08:32:52 America/Bogota] PHP Warning:  Undefined array key "pisos_dispensacion" in C:\xampp\htdocs\SamiSalud-POS\models\qualityControlModel.php on line 459
[23-Dec-2024 08:32:52 America/Bogota] PHP Warning:  Undefined array key "estantes_vitrinas_cajoneras" in C:\xampp\htdocs\SamiSalud-POS\models\qualityControlModel.php on line 460
[23-Dec-2024 08:32:52 America/Bogota] PHP Warning:  Undefined array key "canecas" in C:\xampp\htdocs\SamiSalud-POS\models\qualityControlModel.php on line 461
[23-Dec-2024 08:32:52 America/Bogota] PHP Warning:  Undefined array key "techos_paredes" in C:\xampp\htdocs\SamiSalud-POS\models\qualityControlModel.php on line 463
[23-Dec-2024 08:32:52 America/Bogota] PHP Warning:  Undefined array key "pisos_dispensacion" in C:\xampp\htdocs\SamiSalud-POS\models\qualityControlModel.php on line 464
[23-Dec-2024 08:32:52 America/Bogota] PHP Warning:  Undefined array key "estantes_vitrinas_cajoneras" in C:\xampp\htdocs\SamiSalud-POS\models\qualityControlModel.php on line 465
[23-Dec-2024 08:32:52 America/Bogota] PHP Warning:  Undefined array key "canecas" in C:\xampp\htdocs\SamiSalud-POS\models\qualityControlModel.php on line 466
[23-Dec-2024 08:32:52 America/Bogota] PHP Warning:  Undefined array key "temperatura" in C:\xampp\htdocs\SamiSalud-POS\models\qualityControlModel.php on line 469
[23-Dec-2024 08:32:52 America/Bogota] PHP Warning:  Undefined array key "manana" in C:\xampp\htdocs\SamiSalud-POS\models\qualityControlModel.php on line 470
[23-Dec-2024 08:32:52 America/Bogota] PHP Warning:  Undefined array key "tarde" in C:\xampp\htdocs\SamiSalud-POS\models\qualityControlModel.php on line 471
[23-Dec-2024 08:32:52 America/Bogota] PHP Warning:  Undefined array key "archivo_pdf" in C:\xampp\htdocs\SamiSalud-POS\models\qualityControlModel.php on line 474
[23-Dec-2024 08:32:52 America/Bogota] PHP Warning:  Undefined array key "numero_factura" in C:\xampp\htdocs\SamiSalud-POS\models\qualityControlModel.php on line 445
[23-Dec-2024 08:32:52 America/Bogota] PHP Warning:  Undefined array key "proveedor" in C:\xampp\htdocs\SamiSalud-POS\models\qualityControlModel.php on line 446
[23-Dec-2024 08:32:52 America/Bogota] PHP Warning:  Undefined array key "total_producto" in C:\xampp\htdocs\SamiSalud-POS\models\qualityControlModel.php on line 447
[23-Dec-2024 08:32:52 America/Bogota] PHP Warning:  Undefined array key "total_faltantes" in C:\xampp\htdocs\SamiSalud-POS\models\qualityControlModel.php on line 448
[23-Dec-2024 08:32:52 America/Bogota] PHP Warning:  Undefined array key "total_devolucion" in C:\xampp\htdocs\SamiSalud-POS\models\qualityControlModel.php on line 449
[23-Dec-2024 08:32:52 America/Bogota] PHP Warning:  Undefined array key "cantidad_ingresada" in C:\xampp\htdocs\SamiSalud-POS\models\qualityControlModel.php on line 452
[23-Dec-2024 08:32:52 America/Bogota] PHP Warning:  Undefined array key "banio" in C:\xampp\htdocs\SamiSalud-POS\models\qualityControlModel.php on line 456
[23-Dec-2024 08:32:52 America/Bogota] PHP Warning:  Undefined array key "inyectologia" in C:\xampp\htdocs\SamiSalud-POS\models\qualityControlModel.php on line 457
[23-Dec-2024 08:32:52 America/Bogota] PHP Warning:  Undefined array key "techos_paredes" in C:\xampp\htdocs\SamiSalud-POS\models\qualityControlModel.php on line 458
[23-Dec-2024 08:32:52 America/Bogota] PHP Warning:  Undefined array key "pisos_dispensacion" in C:\xampp\htdocs\SamiSalud-POS\models\qualityControlModel.php on line 459
[23-Dec-2024 08:32:52 America/Bogota] PHP Warning:  Undefined array key "estantes_vitrinas_cajoneras" in C:\xampp\htdocs\SamiSalud-POS\models\qualityControlModel.php on line 460
[23-Dec-2024 08:32:52 America/Bogota] PHP Warning:  Undefined array key "canecas" in C:\xampp\htdocs\SamiSalud-POS\models\qualityControlModel.php on line 461
[23-Dec-2024 08:32:52 America/Bogota] PHP Warning:  Undefined array key "techos_paredes" in C:\xampp\htdocs\SamiSalud-POS\models\qualityControlModel.php on line 463
[23-Dec-2024 08:32:52 America/Bogota] PHP Warning:  Undefined array key "pisos_dispensacion" in C:\xampp\htdocs\SamiSalud-POS\models\qualityControlModel.php on line 464
[23-Dec-2024 08:32:52 America/Bogota] PHP Warning:  Undefined array key "estantes_vitrinas_cajoneras" in C:\xampp\htdocs\SamiSalud-POS\models\qualityControlModel.php on line 465
[23-Dec-2024 08:32:52 America/Bogota] PHP Warning:  Undefined array key "canecas" in C:\xampp\htdocs\SamiSalud-POS\models\qualityControlModel.php on line 466
[23-Dec-2024 08:32:52 America/Bogota] PHP Warning:  Undefined array key "temperatura" in C:\xampp\htdocs\SamiSalud-POS\models\qualityControlModel.php on line 469
[23-Dec-2024 08:32:52 America/Bogota] PHP Warning:  Undefined array key "manana" in C:\xampp\htdocs\SamiSalud-POS\models\qualityControlModel.php on line 470
[23-Dec-2024 08:32:52 America/Bogota] PHP Warning:  Undefined array key "tarde" in C:\xampp\htdocs\SamiSalud-POS\models\qualityControlModel.php on line 471
[23-Dec-2024 08:32:52 America/Bogota] PHP Warning:  Undefined array key "archivo_pdf" in C:\xampp\htdocs\SamiSalud-POS\models\qualityControlModel.php on line 474
[23-Dec-2024 08:32:52 America/Bogota] PHP Warning:  Undefined array key "numero_factura" in C:\xampp\htdocs\SamiSalud-POS\models\qualityControlModel.php on line 445
[23-Dec-2024 08:32:52 America/Bogota] PHP Warning:  Undefined array key "proveedor" in C:\xampp\htdocs\SamiSalud-POS\models\qualityControlModel.php on line 446
[23-Dec-2024 08:32:52 America/Bogota] PHP Warning:  Undefined array key "total_producto" in C:\xampp\htdocs\SamiSalud-POS\models\qualityControlModel.php on line 447
[23-Dec-2024 08:32:52 America/Bogota] PHP Warning:  Undefined array key "total_faltantes" in C:\xampp\htdocs\SamiSalud-POS\models\qualityControlModel.php on line 448
[23-Dec-2024 08:32:52 America/Bogota] PHP Warning:  Undefined array key "total_devolucion" in C:\xampp\htdocs\SamiSalud-POS\models\qualityControlModel.php on line 449
[23-Dec-2024 08:32:52 America/Bogota] PHP Warning:  Undefined array key "cantidad_ingresada" in C:\xampp\htdocs\SamiSalud-POS\models\qualityControlModel.php on line 452
[23-Dec-2024 08:32:52 America/Bogota] PHP Warning:  Undefined array key "banio" in C:\xampp\htdocs\SamiSalud-POS\models\qualityControlModel.php on line 456
[23-Dec-2024 08:32:52 America/Bogota] PHP Warning:  Undefined array key "inyectologia" in C:\xampp\htdocs\SamiSalud-POS\models\qualityControlModel.php on line 457
[23-Dec-2024 08:32:52 America/Bogota] PHP Warning:  Undefined array key "techos_paredes" in C:\xampp\htdocs\SamiSalud-POS\models\qualityControlModel.php on line 458
[23-Dec-2024 08:32:52 America/Bogota] PHP Warning:  Undefined array key "pisos_dispensacion" in C:\xampp\htdocs\SamiSalud-POS\models\qualityControlModel.php on line 459
[23-Dec-2024 08:32:52 America/Bogota] PHP Warning:  Undefined array key "estantes_vitrinas_cajoneras" in C:\xampp\htdocs\SamiSalud-POS\models\qualityControlModel.php on line 460
[23-Dec-2024 08:32:52 America/Bogota] PHP Warning:  Undefined array key "canecas" in C:\xampp\htdocs\SamiSalud-POS\models\qualityControlModel.php on line 461
[23-Dec-2024 08:32:52 America/Bogota] PHP Warning:  Undefined array key "techos_paredes" in C:\xampp\htdocs\SamiSalud-POS\models\qualityControlModel.php on line 463
[23-Dec-2024 08:32:52 America/Bogota] PHP Warning:  Undefined array key "pisos_dispensacion" in C:\xampp\htdocs\SamiSalud-POS\models\qualityControlModel.php on line 464
[23-Dec-2024 08:32:52 America/Bogota] PHP Warning:  Undefined array key "estantes_vitrinas_cajoneras" in C:\xampp\htdocs\SamiSalud-POS\models\qualityControlModel.php on line 465
[23-Dec-2024 08:32:52 America/Bogota] PHP Warning:  Undefined array key "canecas" in C:\xampp\htdocs\SamiSalud-POS\models\qualityControlModel.php on line 466
[23-Dec-2024 08:32:52 America/Bogota] PHP Warning:  Undefined array key "temperatura" in C:\xampp\htdocs\SamiSalud-POS\models\qualityControlModel.php on line 469
[23-Dec-2024 08:32:52 America/Bogota] PHP Warning:  Undefined array key "manana" in C:\xampp\htdocs\SamiSalud-POS\models\qualityControlModel.php on line 470
[23-Dec-2024 08:32:52 America/Bogota] PHP Warning:  Undefined array key "tarde" in C:\xampp\htdocs\SamiSalud-POS\models\qualityControlModel.php on line 471
[23-Dec-2024 08:32:52 America/Bogota] PHP Warning:  Undefined array key "archivo_pdf" in C:\xampp\htdocs\SamiSalud-POS\models\qualityControlModel.php on line 474
[23-Dec-2024 08:32:52 America/Bogota] sessionController::getUserSessionData(): usuario-Oficial@gmail.com
[23-Dec-2024 08:32:52 America/Bogota] sessionController::getUserSessionData(): rol-2
[23-Dec-2024 08:32:52 America/Bogota] sessionController::getUserSessionData(): local-2
[23-Dec-2024 08:34:45 America/Bogota] Iniciando App
[23-Dec-2024 08:34:45 America/Bogota] ===================================================
[23-Dec-2024 08:34:45 America/Bogota] sessionController::getUserSessionData(): usuario-Oficial@gmail.com
[23-Dec-2024 08:34:45 America/Bogota] sessionController::getUserSessionData(): rol-2
[23-Dec-2024 08:34:45 America/Bogota] sessionController::getUserSessionData(): local-2
[23-Dec-2024 08:34:45 America/Bogota] Admin::construct -> Inicio del controlador Gestion residuos
[23-Dec-2024 08:34:45 America/Bogota] Gestion residuos::render -> Cargando vista de Gestion residuos
[23-Dec-2024 08:34:45 America/Bogota] PHP Warning:  Undefined array key "numero_factura" in C:\xampp\htdocs\SamiSalud-POS\models\qualityControlModel.php on line 445
[23-Dec-2024 08:34:45 America/Bogota] PHP Warning:  Undefined array key "proveedor" in C:\xampp\htdocs\SamiSalud-POS\models\qualityControlModel.php on line 446
[23-Dec-2024 08:34:45 America/Bogota] PHP Warning:  Undefined array key "total_producto" in C:\xampp\htdocs\SamiSalud-POS\models\qualityControlModel.php on line 447
[23-Dec-2024 08:34:45 America/Bogota] PHP Warning:  Undefined array key "total_faltantes" in C:\xampp\htdocs\SamiSalud-POS\models\qualityControlModel.php on line 448
[23-Dec-2024 08:34:45 America/Bogota] PHP Warning:  Undefined array key "total_devolucion" in C:\xampp\htdocs\SamiSalud-POS\models\qualityControlModel.php on line 449
[23-Dec-2024 08:34:45 America/Bogota] PHP Warning:  Undefined array key "cantidad_ingresada" in C:\xampp\htdocs\SamiSalud-POS\models\qualityControlModel.php on line 452
[23-Dec-2024 08:34:45 America/Bogota] PHP Warning:  Undefined array key "banio" in C:\xampp\htdocs\SamiSalud-POS\models\qualityControlModel.php on line 456
[23-Dec-2024 08:34:45 America/Bogota] PHP Warning:  Undefined array key "inyectologia" in C:\xampp\htdocs\SamiSalud-POS\models\qualityControlModel.php on line 457
[23-Dec-2024 08:34:45 America/Bogota] PHP Warning:  Undefined array key "techos_paredes" in C:\xampp\htdocs\SamiSalud-POS\models\qualityControlModel.php on line 458
[23-Dec-2024 08:34:45 America/Bogota] PHP Warning:  Undefined array key "pisos_dispensacion" in C:\xampp\htdocs\SamiSalud-POS\models\qualityControlModel.php on line 459
[23-Dec-2024 08:34:45 America/Bogota] PHP Warning:  Undefined array key "estantes_vitrinas_cajoneras" in C:\xampp\htdocs\SamiSalud-POS\models\qualityControlModel.php on line 460
[23-Dec-2024 08:34:45 America/Bogota] PHP Warning:  Undefined array key "canecas" in C:\xampp\htdocs\SamiSalud-POS\models\qualityControlModel.php on line 461
[23-Dec-2024 08:34:45 America/Bogota] PHP Warning:  Undefined array key "techos_paredes" in C:\xampp\htdocs\SamiSalud-POS\models\qualityControlModel.php on line 463
[23-Dec-2024 08:34:45 America/Bogota] PHP Warning:  Undefined array key "pisos_dispensacion" in C:\xampp\htdocs\SamiSalud-POS\models\qualityControlModel.php on line 464
[23-Dec-2024 08:34:45 America/Bogota] PHP Warning:  Undefined array key "estantes_vitrinas_cajoneras" in C:\xampp\htdocs\SamiSalud-POS\models\qualityControlModel.php on line 465
[23-Dec-2024 08:34:45 America/Bogota] PHP Warning:  Undefined array key "canecas" in C:\xampp\htdocs\SamiSalud-POS\models\qualityControlModel.php on line 466
[23-Dec-2024 08:34:45 America/Bogota] PHP Warning:  Undefined array key "temperatura" in C:\xampp\htdocs\SamiSalud-POS\models\qualityControlModel.php on line 469
[23-Dec-2024 08:34:45 America/Bogota] PHP Warning:  Undefined array key "manana" in C:\xampp\htdocs\SamiSalud-POS\models\qualityControlModel.php on line 470
[23-Dec-2024 08:34:45 America/Bogota] PHP Warning:  Undefined array key "tarde" in C:\xampp\htdocs\SamiSalud-POS\models\qualityControlModel.php on line 471
[23-Dec-2024 08:34:45 America/Bogota] PHP Warning:  Undefined array key "archivo_pdf" in C:\xampp\htdocs\SamiSalud-POS\models\qualityControlModel.php on line 474
[23-Dec-2024 08:34:45 America/Bogota] PHP Warning:  Undefined array key "numero_factura" in C:\xampp\htdocs\SamiSalud-POS\models\qualityControlModel.php on line 445
[23-Dec-2024 08:34:45 America/Bogota] PHP Warning:  Undefined array key "proveedor" in C:\xampp\htdocs\SamiSalud-POS\models\qualityControlModel.php on line 446
[23-Dec-2024 08:34:45 America/Bogota] PHP Warning:  Undefined array key "total_producto" in C:\xampp\htdocs\SamiSalud-POS\models\qualityControlModel.php on line 447
[23-Dec-2024 08:34:45 America/Bogota] PHP Warning:  Undefined array key "total_faltantes" in C:\xampp\htdocs\SamiSalud-POS\models\qualityControlModel.php on line 448
[23-Dec-2024 08:34:45 America/Bogota] PHP Warning:  Undefined array key "total_devolucion" in C:\xampp\htdocs\SamiSalud-POS\models\qualityControlModel.php on line 449
[23-Dec-2024 08:34:45 America/Bogota] PHP Warning:  Undefined array key "cantidad_ingresada" in C:\xampp\htdocs\SamiSalud-POS\models\qualityControlModel.php on line 452
[23-Dec-2024 08:34:45 America/Bogota] PHP Warning:  Undefined array key "banio" in C:\xampp\htdocs\SamiSalud-POS\models\qualityControlModel.php on line 456
[23-Dec-2024 08:34:45 America/Bogota] PHP Warning:  Undefined array key "inyectologia" in C:\xampp\htdocs\SamiSalud-POS\models\qualityControlModel.php on line 457
[23-Dec-2024 08:34:45 America/Bogota] PHP Warning:  Undefined array key "techos_paredes" in C:\xampp\htdocs\SamiSalud-POS\models\qualityControlModel.php on line 458
[23-Dec-2024 08:34:45 America/Bogota] PHP Warning:  Undefined array key "pisos_dispensacion" in C:\xampp\htdocs\SamiSalud-POS\models\qualityControlModel.php on line 459
[23-Dec-2024 08:34:45 America/Bogota] PHP Warning:  Undefined array key "estantes_vitrinas_cajoneras" in C:\xampp\htdocs\SamiSalud-POS\models\qualityControlModel.php on line 460
[23-Dec-2024 08:34:45 America/Bogota] PHP Warning:  Undefined array key "canecas" in C:\xampp\htdocs\SamiSalud-POS\models\qualityControlModel.php on line 461
[23-Dec-2024 08:34:45 America/Bogota] PHP Warning:  Undefined array key "techos_paredes" in C:\xampp\htdocs\SamiSalud-POS\models\qualityControlModel.php on line 463
[23-Dec-2024 08:34:45 America/Bogota] PHP Warning:  Undefined array key "pisos_dispensacion" in C:\xampp\htdocs\SamiSalud-POS\models\qualityControlModel.php on line 464
[23-Dec-2024 08:34:45 America/Bogota] PHP Warning:  Undefined array key "estantes_vitrinas_cajoneras" in C:\xampp\htdocs\SamiSalud-POS\models\qualityControlModel.php on line 465
[23-Dec-2024 08:34:45 America/Bogota] PHP Warning:  Undefined array key "canecas" in C:\xampp\htdocs\SamiSalud-POS\models\qualityControlModel.php on line 466
[23-Dec-2024 08:34:45 America/Bogota] PHP Warning:  Undefined array key "temperatura" in C:\xampp\htdocs\SamiSalud-POS\models\qualityControlModel.php on line 469
[23-Dec-2024 08:34:45 America/Bogota] PHP Warning:  Undefined array key "manana" in C:\xampp\htdocs\SamiSalud-POS\models\qualityControlModel.php on line 470
[23-Dec-2024 08:34:45 America/Bogota] PHP Warning:  Undefined array key "tarde" in C:\xampp\htdocs\SamiSalud-POS\models\qualityControlModel.php on line 471
[23-Dec-2024 08:34:45 America/Bogota] PHP Warning:  Undefined array key "archivo_pdf" in C:\xampp\htdocs\SamiSalud-POS\models\qualityControlModel.php on line 474
[23-Dec-2024 08:34:45 America/Bogota] PHP Warning:  Undefined array key "numero_factura" in C:\xampp\htdocs\SamiSalud-POS\models\qualityControlModel.php on line 445
[23-Dec-2024 08:34:45 America/Bogota] PHP Warning:  Undefined array key "proveedor" in C:\xampp\htdocs\SamiSalud-POS\models\qualityControlModel.php on line 446
[23-Dec-2024 08:34:45 America/Bogota] PHP Warning:  Undefined array key "total_producto" in C:\xampp\htdocs\SamiSalud-POS\models\qualityControlModel.php on line 447
[23-Dec-2024 08:34:45 America/Bogota] PHP Warning:  Undefined array key "total_faltantes" in C:\xampp\htdocs\SamiSalud-POS\models\qualityControlModel.php on line 448
[23-Dec-2024 08:34:45 America/Bogota] PHP Warning:  Undefined array key "total_devolucion" in C:\xampp\htdocs\SamiSalud-POS\models\qualityControlModel.php on line 449
[23-Dec-2024 08:34:45 America/Bogota] PHP Warning:  Undefined array key "cantidad_ingresada" in C:\xampp\htdocs\SamiSalud-POS\models\qualityControlModel.php on line 452
[23-Dec-2024 08:34:45 America/Bogota] PHP Warning:  Undefined array key "banio" in C:\xampp\htdocs\SamiSalud-POS\models\qualityControlModel.php on line 456
[23-Dec-2024 08:34:45 America/Bogota] PHP Warning:  Undefined array key "inyectologia" in C:\xampp\htdocs\SamiSalud-POS\models\qualityControlModel.php on line 457
[23-Dec-2024 08:34:45 America/Bogota] PHP Warning:  Undefined array key "techos_paredes" in C:\xampp\htdocs\SamiSalud-POS\models\qualityControlModel.php on line 458
[23-Dec-2024 08:34:45 America/Bogota] PHP Warning:  Undefined array key "pisos_dispensacion" in C:\xampp\htdocs\SamiSalud-POS\models\qualityControlModel.php on line 459
[23-Dec-2024 08:34:45 America/Bogota] PHP Warning:  Undefined array key "estantes_vitrinas_cajoneras" in C:\xampp\htdocs\SamiSalud-POS\models\qualityControlModel.php on line 460
[23-Dec-2024 08:34:45 America/Bogota] PHP Warning:  Undefined array key "canecas" in C:\xampp\htdocs\SamiSalud-POS\models\qualityControlModel.php on line 461
[23-Dec-2024 08:34:45 America/Bogota] PHP Warning:  Undefined array key "techos_paredes" in C:\xampp\htdocs\SamiSalud-POS\models\qualityControlModel.php on line 463
[23-Dec-2024 08:34:45 America/Bogota] PHP Warning:  Undefined array key "pisos_dispensacion" in C:\xampp\htdocs\SamiSalud-POS\models\qualityControlModel.php on line 464
[23-Dec-2024 08:34:45 America/Bogota] PHP Warning:  Undefined array key "estantes_vitrinas_cajoneras" in C:\xampp\htdocs\SamiSalud-POS\models\qualityControlModel.php on line 465
[23-Dec-2024 08:34:45 America/Bogota] PHP Warning:  Undefined array key "canecas" in C:\xampp\htdocs\SamiSalud-POS\models\qualityControlModel.php on line 466
[23-Dec-2024 08:34:45 America/Bogota] PHP Warning:  Undefined array key "temperatura" in C:\xampp\htdocs\SamiSalud-POS\models\qualityControlModel.php on line 469
[23-Dec-2024 08:34:45 America/Bogota] PHP Warning:  Undefined array key "manana" in C:\xampp\htdocs\SamiSalud-POS\models\qualityControlModel.php on line 470
[23-Dec-2024 08:34:45 America/Bogota] PHP Warning:  Undefined array key "tarde" in C:\xampp\htdocs\SamiSalud-POS\models\qualityControlModel.php on line 471
[23-Dec-2024 08:34:45 America/Bogota] PHP Warning:  Undefined array key "archivo_pdf" in C:\xampp\htdocs\SamiSalud-POS\models\qualityControlModel.php on line 474
[23-Dec-2024 08:34:45 America/Bogota] sessionController::getUserSessionData(): usuario-Oficial@gmail.com
[23-Dec-2024 08:34:45 America/Bogota] sessionController::getUserSessionData(): rol-2
[23-Dec-2024 08:34:45 America/Bogota] sessionController::getUserSessionData(): local-2
[23-Dec-2024 08:36:17 America/Bogota] Iniciando App
[23-Dec-2024 08:36:17 America/Bogota] ===================================================
[23-Dec-2024 08:36:18 America/Bogota] sessionController::getUserSessionData(): usuario-Oficial@gmail.com
[23-Dec-2024 08:36:18 America/Bogota] sessionController::getUserSessionData(): rol-2
[23-Dec-2024 08:36:18 America/Bogota] sessionController::getUserSessionData(): local-2
[23-Dec-2024 08:36:18 America/Bogota] Admin::construct -> Inicio del controlador Gestion residuos
[23-Dec-2024 08:36:18 America/Bogota] Gestion residuos::render -> Cargando vista de Gestion residuos
[23-Dec-2024 08:36:18 America/Bogota] sessionController::getUserSessionData(): usuario-Oficial@gmail.com
[23-Dec-2024 08:36:18 America/Bogota] sessionController::getUserSessionData(): rol-2
[23-Dec-2024 08:36:18 America/Bogota] sessionController::getUserSessionData(): local-2
[23-Dec-2024 08:36:45 America/Bogota] Iniciando App
[23-Dec-2024 08:36:45 America/Bogota] ===================================================
[23-Dec-2024 08:36:45 America/Bogota] sessionController::getUserSessionData(): usuario-Oficial@gmail.com
[23-Dec-2024 08:36:45 America/Bogota] sessionController::getUserSessionData(): rol-2
[23-Dec-2024 08:36:45 America/Bogota] sessionController::getUserSessionData(): local-2
[23-Dec-2024 08:36:45 America/Bogota] Admin::construct -> Inicio del controlador Gestion residuos
[23-Dec-2024 08:36:45 America/Bogota] Gestion residuos::render -> Cargando vista de Gestion residuos
[23-Dec-2024 08:36:46 America/Bogota] sessionController::getUserSessionData(): usuario-Oficial@gmail.com
[23-Dec-2024 08:36:46 America/Bogota] sessionController::getUserSessionData(): rol-2
[23-Dec-2024 08:36:46 America/Bogota] sessionController::getUserSessionData(): local-2
[23-Dec-2024 08:36:58 America/Bogota] Iniciando App
[23-Dec-2024 08:36:58 America/Bogota] ===================================================
[23-Dec-2024 08:36:58 America/Bogota] sessionController::getUserSessionData(): usuario-Oficial@gmail.com
[23-Dec-2024 08:36:58 America/Bogota] sessionController::getUserSessionData(): rol-2
[23-Dec-2024 08:36:58 America/Bogota] sessionController::getUserSessionData(): local-2
[23-Dec-2024 08:36:58 America/Bogota] Admin::construct -> Inicio del controlador Gestion residuos
[23-Dec-2024 08:36:58 America/Bogota] Iniciando App
[23-Dec-2024 08:36:58 America/Bogota] ===================================================
[23-Dec-2024 08:36:59 America/Bogota] sessionController::getUserSessionData(): usuario-Oficial@gmail.com
[23-Dec-2024 08:36:59 America/Bogota] sessionController::getUserSessionData(): rol-2
[23-Dec-2024 08:36:59 America/Bogota] sessionController::getUserSessionData(): local-2
[23-Dec-2024 08:36:59 America/Bogota] Admin::construct -> Inicio del controlador Gestion residuos
[23-Dec-2024 08:36:59 America/Bogota] Gestion residuos::render -> Cargando vista de Gestion residuos
[23-Dec-2024 08:36:59 America/Bogota] PHP Warning:  Undefined array key "numero_factura" in C:\xampp\htdocs\SamiSalud-POS\models\qualityControlModel.php on line 445
[23-Dec-2024 08:36:59 America/Bogota] PHP Warning:  Undefined array key "proveedor" in C:\xampp\htdocs\SamiSalud-POS\models\qualityControlModel.php on line 446
[23-Dec-2024 08:36:59 America/Bogota] PHP Warning:  Undefined array key "total_producto" in C:\xampp\htdocs\SamiSalud-POS\models\qualityControlModel.php on line 447
[23-Dec-2024 08:36:59 America/Bogota] PHP Warning:  Undefined array key "total_faltantes" in C:\xampp\htdocs\SamiSalud-POS\models\qualityControlModel.php on line 448
[23-Dec-2024 08:36:59 America/Bogota] PHP Warning:  Undefined array key "total_devolucion" in C:\xampp\htdocs\SamiSalud-POS\models\qualityControlModel.php on line 449
[23-Dec-2024 08:36:59 America/Bogota] PHP Warning:  Undefined array key "cantidad_ingresada" in C:\xampp\htdocs\SamiSalud-POS\models\qualityControlModel.php on line 452
[23-Dec-2024 08:36:59 America/Bogota] PHP Warning:  Undefined array key "banio" in C:\xampp\htdocs\SamiSalud-POS\models\qualityControlModel.php on line 456
[23-Dec-2024 08:36:59 America/Bogota] PHP Warning:  Undefined array key "inyectologia" in C:\xampp\htdocs\SamiSalud-POS\models\qualityControlModel.php on line 457
[23-Dec-2024 08:36:59 America/Bogota] PHP Warning:  Undefined array key "techos_paredes" in C:\xampp\htdocs\SamiSalud-POS\models\qualityControlModel.php on line 458
[23-Dec-2024 08:36:59 America/Bogota] PHP Warning:  Undefined array key "pisos_dispensacion" in C:\xampp\htdocs\SamiSalud-POS\models\qualityControlModel.php on line 459
[23-Dec-2024 08:36:59 America/Bogota] PHP Warning:  Undefined array key "estantes_vitrinas_cajoneras" in C:\xampp\htdocs\SamiSalud-POS\models\qualityControlModel.php on line 460
[23-Dec-2024 08:36:59 America/Bogota] PHP Warning:  Undefined array key "canecas" in C:\xampp\htdocs\SamiSalud-POS\models\qualityControlModel.php on line 461
[23-Dec-2024 08:36:59 America/Bogota] PHP Warning:  Undefined array key "techos_paredes" in C:\xampp\htdocs\SamiSalud-POS\models\qualityControlModel.php on line 463
[23-Dec-2024 08:36:59 America/Bogota] PHP Warning:  Undefined array key "pisos_dispensacion" in C:\xampp\htdocs\SamiSalud-POS\models\qualityControlModel.php on line 464
[23-Dec-2024 08:36:59 America/Bogota] PHP Warning:  Undefined array key "estantes_vitrinas_cajoneras" in C:\xampp\htdocs\SamiSalud-POS\models\qualityControlModel.php on line 465
[23-Dec-2024 08:36:59 America/Bogota] PHP Warning:  Undefined array key "canecas" in C:\xampp\htdocs\SamiSalud-POS\models\qualityControlModel.php on line 466
[23-Dec-2024 08:36:59 America/Bogota] PHP Warning:  Undefined array key "temperatura" in C:\xampp\htdocs\SamiSalud-POS\models\qualityControlModel.php on line 469
[23-Dec-2024 08:36:59 America/Bogota] PHP Warning:  Undefined array key "manana" in C:\xampp\htdocs\SamiSalud-POS\models\qualityControlModel.php on line 470
[23-Dec-2024 08:36:59 America/Bogota] PHP Warning:  Undefined array key "tarde" in C:\xampp\htdocs\SamiSalud-POS\models\qualityControlModel.php on line 471
[23-Dec-2024 08:36:59 America/Bogota] PHP Warning:  Undefined array key "archivo_pdf" in C:\xampp\htdocs\SamiSalud-POS\models\qualityControlModel.php on line 474
[23-Dec-2024 08:36:59 America/Bogota] sessionController::getUserSessionData(): usuario-Oficial@gmail.com
[23-Dec-2024 08:36:59 America/Bogota] sessionController::getUserSessionData(): rol-2
[23-Dec-2024 08:36:59 America/Bogota] sessionController::getUserSessionData(): local-2
[23-Dec-2024 08:40:32 America/Bogota] Iniciando App
[23-Dec-2024 08:40:32 America/Bogota] ===================================================
[23-Dec-2024 08:40:32 America/Bogota] sessionController::getUserSessionData(): usuario-Oficial@gmail.com
[23-Dec-2024 08:40:32 America/Bogota] sessionController::getUserSessionData(): rol-2
[23-Dec-2024 08:40:32 America/Bogota] sessionController::getUserSessionData(): local-2
[23-Dec-2024 08:40:32 America/Bogota] Admin::construct -> Inicio del controlador Gestion residuos
[23-Dec-2024 08:40:32 America/Bogota] Gestion residuos::render -> Cargando vista de Gestion residuos
[23-Dec-2024 08:40:32 America/Bogota] PHP Warning:  Undefined array key "numero_factura" in C:\xampp\htdocs\SamiSalud-POS\models\qualityControlModel.php on line 445
[23-Dec-2024 08:40:32 America/Bogota] PHP Warning:  Undefined array key "proveedor" in C:\xampp\htdocs\SamiSalud-POS\models\qualityControlModel.php on line 446
[23-Dec-2024 08:40:32 America/Bogota] PHP Warning:  Undefined array key "total_producto" in C:\xampp\htdocs\SamiSalud-POS\models\qualityControlModel.php on line 447
[23-Dec-2024 08:40:32 America/Bogota] PHP Warning:  Undefined array key "total_faltantes" in C:\xampp\htdocs\SamiSalud-POS\models\qualityControlModel.php on line 448
[23-Dec-2024 08:40:32 America/Bogota] PHP Warning:  Undefined array key "total_devolucion" in C:\xampp\htdocs\SamiSalud-POS\models\qualityControlModel.php on line 449
[23-Dec-2024 08:40:32 America/Bogota] PHP Warning:  Undefined array key "cantidad_ingresada" in C:\xampp\htdocs\SamiSalud-POS\models\qualityControlModel.php on line 452
[23-Dec-2024 08:40:32 America/Bogota] PHP Warning:  Undefined array key "banio" in C:\xampp\htdocs\SamiSalud-POS\models\qualityControlModel.php on line 456
[23-Dec-2024 08:40:32 America/Bogota] PHP Warning:  Undefined array key "inyectologia" in C:\xampp\htdocs\SamiSalud-POS\models\qualityControlModel.php on line 457
[23-Dec-2024 08:40:32 America/Bogota] PHP Warning:  Undefined array key "techos_paredes" in C:\xampp\htdocs\SamiSalud-POS\models\qualityControlModel.php on line 458
[23-Dec-2024 08:40:32 America/Bogota] PHP Warning:  Undefined array key "pisos_dispensacion" in C:\xampp\htdocs\SamiSalud-POS\models\qualityControlModel.php on line 459
[23-Dec-2024 08:40:32 America/Bogota] PHP Warning:  Undefined array key "estantes_vitrinas_cajoneras" in C:\xampp\htdocs\SamiSalud-POS\models\qualityControlModel.php on line 460
[23-Dec-2024 08:40:32 America/Bogota] PHP Warning:  Undefined array key "canecas" in C:\xampp\htdocs\SamiSalud-POS\models\qualityControlModel.php on line 461
[23-Dec-2024 08:40:32 America/Bogota] PHP Warning:  Undefined array key "techos_paredes" in C:\xampp\htdocs\SamiSalud-POS\models\qualityControlModel.php on line 463
[23-Dec-2024 08:40:32 America/Bogota] PHP Warning:  Undefined array key "pisos_dispensacion" in C:\xampp\htdocs\SamiSalud-POS\models\qualityControlModel.php on line 464
[23-Dec-2024 08:40:32 America/Bogota] PHP Warning:  Undefined array key "estantes_vitrinas_cajoneras" in C:\xampp\htdocs\SamiSalud-POS\models\qualityControlModel.php on line 465
[23-Dec-2024 08:40:32 America/Bogota] PHP Warning:  Undefined array key "canecas" in C:\xampp\htdocs\SamiSalud-POS\models\qualityControlModel.php on line 466
[23-Dec-2024 08:40:32 America/Bogota] PHP Warning:  Undefined array key "temperatura" in C:\xampp\htdocs\SamiSalud-POS\models\qualityControlModel.php on line 469
[23-Dec-2024 08:40:32 America/Bogota] PHP Warning:  Undefined array key "manana" in C:\xampp\htdocs\SamiSalud-POS\models\qualityControlModel.php on line 470
[23-Dec-2024 08:40:32 America/Bogota] PHP Warning:  Undefined array key "tarde" in C:\xampp\htdocs\SamiSalud-POS\models\qualityControlModel.php on line 471
[23-Dec-2024 08:40:32 America/Bogota] PHP Warning:  Undefined array key "archivo_pdf" in C:\xampp\htdocs\SamiSalud-POS\models\qualityControlModel.php on line 474
[23-Dec-2024 08:40:33 America/Bogota] sessionController::getUserSessionData(): usuario-Oficial@gmail.com
[23-Dec-2024 08:40:33 America/Bogota] sessionController::getUserSessionData(): rol-2
[23-Dec-2024 08:40:33 America/Bogota] sessionController::getUserSessionData(): local-2
[23-Dec-2024 08:40:40 America/Bogota] Iniciando App
[23-Dec-2024 08:40:40 America/Bogota] ===================================================
[23-Dec-2024 08:40:40 America/Bogota] sessionController::getUserSessionData(): usuario-Oficial@gmail.com
[23-Dec-2024 08:40:40 America/Bogota] sessionController::getUserSessionData(): rol-2
[23-Dec-2024 08:40:40 America/Bogota] sessionController::getUserSessionData(): local-2
[23-Dec-2024 08:40:40 America/Bogota] Admin::construct -> Inicio del controlador Gestion residuos
[23-Dec-2024 08:40:40 America/Bogota] Iniciando App
[23-Dec-2024 08:40:40 America/Bogota] ===================================================
[23-Dec-2024 08:40:40 America/Bogota] sessionController::getUserSessionData(): usuario-Oficial@gmail.com
[23-Dec-2024 08:40:40 America/Bogota] sessionController::getUserSessionData(): rol-2
[23-Dec-2024 08:40:40 America/Bogota] sessionController::getUserSessionData(): local-2
[23-Dec-2024 08:40:40 America/Bogota] Admin::construct -> Inicio del controlador Gestion residuos
[23-Dec-2024 08:40:40 America/Bogota] Gestion residuos::render -> Cargando vista de Gestion residuos
[23-Dec-2024 08:40:40 America/Bogota] PHP Warning:  Undefined array key "numero_factura" in C:\xampp\htdocs\SamiSalud-POS\models\qualityControlModel.php on line 445
[23-Dec-2024 08:40:40 America/Bogota] PHP Warning:  Undefined array key "proveedor" in C:\xampp\htdocs\SamiSalud-POS\models\qualityControlModel.php on line 446
[23-Dec-2024 08:40:40 America/Bogota] PHP Warning:  Undefined array key "total_producto" in C:\xampp\htdocs\SamiSalud-POS\models\qualityControlModel.php on line 447
[23-Dec-2024 08:40:40 America/Bogota] PHP Warning:  Undefined array key "total_faltantes" in C:\xampp\htdocs\SamiSalud-POS\models\qualityControlModel.php on line 448
[23-Dec-2024 08:40:40 America/Bogota] PHP Warning:  Undefined array key "total_devolucion" in C:\xampp\htdocs\SamiSalud-POS\models\qualityControlModel.php on line 449
[23-Dec-2024 08:40:40 America/Bogota] PHP Warning:  Undefined array key "cantidad_ingresada" in C:\xampp\htdocs\SamiSalud-POS\models\qualityControlModel.php on line 452
[23-Dec-2024 08:40:40 America/Bogota] PHP Warning:  Undefined array key "banio" in C:\xampp\htdocs\SamiSalud-POS\models\qualityControlModel.php on line 456
[23-Dec-2024 08:40:40 America/Bogota] PHP Warning:  Undefined array key "inyectologia" in C:\xampp\htdocs\SamiSalud-POS\models\qualityControlModel.php on line 457
[23-Dec-2024 08:40:40 America/Bogota] PHP Warning:  Undefined array key "techos_paredes" in C:\xampp\htdocs\SamiSalud-POS\models\qualityControlModel.php on line 458
[23-Dec-2024 08:40:40 America/Bogota] PHP Warning:  Undefined array key "pisos_dispensacion" in C:\xampp\htdocs\SamiSalud-POS\models\qualityControlModel.php on line 459
[23-Dec-2024 08:40:40 America/Bogota] PHP Warning:  Undefined array key "estantes_vitrinas_cajoneras" in C:\xampp\htdocs\SamiSalud-POS\models\qualityControlModel.php on line 460
[23-Dec-2024 08:40:40 America/Bogota] PHP Warning:  Undefined array key "canecas" in C:\xampp\htdocs\SamiSalud-POS\models\qualityControlModel.php on line 461
[23-Dec-2024 08:40:40 America/Bogota] PHP Warning:  Undefined array key "techos_paredes" in C:\xampp\htdocs\SamiSalud-POS\models\qualityControlModel.php on line 463
[23-Dec-2024 08:40:40 America/Bogota] PHP Warning:  Undefined array key "pisos_dispensacion" in C:\xampp\htdocs\SamiSalud-POS\models\qualityControlModel.php on line 464
[23-Dec-2024 08:40:40 America/Bogota] PHP Warning:  Undefined array key "estantes_vitrinas_cajoneras" in C:\xampp\htdocs\SamiSalud-POS\models\qualityControlModel.php on line 465
[23-Dec-2024 08:40:40 America/Bogota] PHP Warning:  Undefined array key "canecas" in C:\xampp\htdocs\SamiSalud-POS\models\qualityControlModel.php on line 466
[23-Dec-2024 08:40:40 America/Bogota] PHP Warning:  Undefined array key "temperatura" in C:\xampp\htdocs\SamiSalud-POS\models\qualityControlModel.php on line 469
[23-Dec-2024 08:40:40 America/Bogota] PHP Warning:  Undefined array key "manana" in C:\xampp\htdocs\SamiSalud-POS\models\qualityControlModel.php on line 470
[23-Dec-2024 08:40:40 America/Bogota] PHP Warning:  Undefined array key "tarde" in C:\xampp\htdocs\SamiSalud-POS\models\qualityControlModel.php on line 471
[23-Dec-2024 08:40:40 America/Bogota] PHP Warning:  Undefined array key "archivo_pdf" in C:\xampp\htdocs\SamiSalud-POS\models\qualityControlModel.php on line 474
[23-Dec-2024 08:40:40 America/Bogota] PHP Warning:  Undefined array key "numero_factura" in C:\xampp\htdocs\SamiSalud-POS\models\qualityControlModel.php on line 445
[23-Dec-2024 08:40:40 America/Bogota] PHP Warning:  Undefined array key "proveedor" in C:\xampp\htdocs\SamiSalud-POS\models\qualityControlModel.php on line 446
[23-Dec-2024 08:40:40 America/Bogota] PHP Warning:  Undefined array key "total_producto" in C:\xampp\htdocs\SamiSalud-POS\models\qualityControlModel.php on line 447
[23-Dec-2024 08:40:40 America/Bogota] PHP Warning:  Undefined array key "total_faltantes" in C:\xampp\htdocs\SamiSalud-POS\models\qualityControlModel.php on line 448
[23-Dec-2024 08:40:40 America/Bogota] PHP Warning:  Undefined array key "total_devolucion" in C:\xampp\htdocs\SamiSalud-POS\models\qualityControlModel.php on line 449
[23-Dec-2024 08:40:40 America/Bogota] PHP Warning:  Undefined array key "cantidad_ingresada" in C:\xampp\htdocs\SamiSalud-POS\models\qualityControlModel.php on line 452
[23-Dec-2024 08:40:40 America/Bogota] PHP Warning:  Undefined array key "banio" in C:\xampp\htdocs\SamiSalud-POS\models\qualityControlModel.php on line 456
[23-Dec-2024 08:40:40 America/Bogota] PHP Warning:  Undefined array key "inyectologia" in C:\xampp\htdocs\SamiSalud-POS\models\qualityControlModel.php on line 457
[23-Dec-2024 08:40:40 America/Bogota] PHP Warning:  Undefined array key "techos_paredes" in C:\xampp\htdocs\SamiSalud-POS\models\qualityControlModel.php on line 458
[23-Dec-2024 08:40:40 America/Bogota] PHP Warning:  Undefined array key "pisos_dispensacion" in C:\xampp\htdocs\SamiSalud-POS\models\qualityControlModel.php on line 459
[23-Dec-2024 08:40:40 America/Bogota] PHP Warning:  Undefined array key "estantes_vitrinas_cajoneras" in C:\xampp\htdocs\SamiSalud-POS\models\qualityControlModel.php on line 460
[23-Dec-2024 08:40:40 America/Bogota] PHP Warning:  Undefined array key "canecas" in C:\xampp\htdocs\SamiSalud-POS\models\qualityControlModel.php on line 461
[23-Dec-2024 08:40:40 America/Bogota] PHP Warning:  Undefined array key "techos_paredes" in C:\xampp\htdocs\SamiSalud-POS\models\qualityControlModel.php on line 463
[23-Dec-2024 08:40:40 America/Bogota] PHP Warning:  Undefined array key "pisos_dispensacion" in C:\xampp\htdocs\SamiSalud-POS\models\qualityControlModel.php on line 464
[23-Dec-2024 08:40:40 America/Bogota] PHP Warning:  Undefined array key "estantes_vitrinas_cajoneras" in C:\xampp\htdocs\SamiSalud-POS\models\qualityControlModel.php on line 465
[23-Dec-2024 08:40:40 America/Bogota] PHP Warning:  Undefined array key "canecas" in C:\xampp\htdocs\SamiSalud-POS\models\qualityControlModel.php on line 466
[23-Dec-2024 08:40:40 America/Bogota] PHP Warning:  Undefined array key "temperatura" in C:\xampp\htdocs\SamiSalud-POS\models\qualityControlModel.php on line 469
[23-Dec-2024 08:40:40 America/Bogota] PHP Warning:  Undefined array key "manana" in C:\xampp\htdocs\SamiSalud-POS\models\qualityControlModel.php on line 470
[23-Dec-2024 08:40:40 America/Bogota] PHP Warning:  Undefined array key "tarde" in C:\xampp\htdocs\SamiSalud-POS\models\qualityControlModel.php on line 471
[23-Dec-2024 08:40:40 America/Bogota] PHP Warning:  Undefined array key "archivo_pdf" in C:\xampp\htdocs\SamiSalud-POS\models\qualityControlModel.php on line 474
[23-Dec-2024 08:40:40 America/Bogota] sessionController::getUserSessionData(): usuario-Oficial@gmail.com
[23-Dec-2024 08:40:40 America/Bogota] sessionController::getUserSessionData(): rol-2
[23-Dec-2024 08:40:40 America/Bogota] sessionController::getUserSessionData(): local-2
[23-Dec-2024 08:51:35 America/Bogota] Iniciando App
[23-Dec-2024 08:51:35 America/Bogota] ===================================================
[23-Dec-2024 08:51:36 America/Bogota] sessionController::getUserSessionData(): usuario-Oficial@gmail.com
[23-Dec-2024 08:51:36 America/Bogota] sessionController::getUserSessionData(): rol-2
[23-Dec-2024 08:51:36 America/Bogota] sessionController::getUserSessionData(): local-2
[23-Dec-2024 08:51:36 America/Bogota] manualCalidad::render -> Cargando vista de manual calidad
[23-Dec-2024 08:51:40 America/Bogota] Iniciando App
[23-Dec-2024 08:51:40 America/Bogota] ===================================================
[23-Dec-2024 08:51:40 America/Bogota] sessionController::getUserSessionData(): usuario-Oficial@gmail.com
[23-Dec-2024 08:51:40 America/Bogota] sessionController::getUserSessionData(): rol-2
[23-Dec-2024 08:51:40 America/Bogota] sessionController::getUserSessionData(): local-2
[23-Dec-2024 08:51:40 America/Bogota] manualCalidad::render -> Cargando vista de manual calidad
[23-Dec-2024 08:52:01 America/Bogota] Iniciando App
[23-Dec-2024 08:52:01 America/Bogota] ===================================================
[23-Dec-2024 08:52:01 America/Bogota] sessionController::getUserSessionData(): usuario-Oficial@gmail.com
[23-Dec-2024 08:52:01 America/Bogota] sessionController::getUserSessionData(): rol-2
[23-Dec-2024 08:52:01 America/Bogota] sessionController::getUserSessionData(): local-2
[23-Dec-2024 08:52:01 America/Bogota] manualCalidad::render -> Cargando vista de manual calidad
[23-Dec-2024 08:52:04 America/Bogota] Iniciando App
[23-Dec-2024 08:52:04 America/Bogota] ===================================================
[23-Dec-2024 08:52:04 America/Bogota] libs/app.php:: Error: El controlador facturaspdf no existe.
[23-Dec-2024 08:52:04 America/Bogota] ===================================================
[23-Dec-2024 08:52:04 America/Bogota] controller/errores -> Inicio de errores
[23-Dec-2024 08:52:07 America/Bogota] Iniciando App
[23-Dec-2024 08:52:07 America/Bogota] ===================================================
[23-Dec-2024 08:52:07 America/Bogota] sessionController::getUserSessionData(): usuario-Oficial@gmail.com
[23-Dec-2024 08:52:07 America/Bogota] sessionController::getUserSessionData(): rol-2
[23-Dec-2024 08:52:07 America/Bogota] sessionController::getUserSessionData(): local-2
[23-Dec-2024 08:52:07 America/Bogota] manualCalidad::render -> Cargando vista de manual calidad
[23-Dec-2024 08:53:42 America/Bogota] Iniciando App
[23-Dec-2024 08:53:42 America/Bogota] ===================================================
[23-Dec-2024 08:53:43 America/Bogota] sessionController::getUserSessionData(): usuario-Oficial@gmail.com
[23-Dec-2024 08:53:43 America/Bogota] sessionController::getUserSessionData(): rol-2
[23-Dec-2024 08:53:43 America/Bogota] sessionController::getUserSessionData(): local-2
[23-Dec-2024 08:53:43 America/Bogota] manualCalidad::render -> Cargando vista de manual calidad
[23-Dec-2024 08:54:38 America/Bogota] Iniciando App
[23-Dec-2024 08:54:38 America/Bogota] ===================================================
[23-Dec-2024 08:54:39 America/Bogota] sessionController::getUserSessionData(): usuario-Oficial@gmail.com
[23-Dec-2024 08:54:39 America/Bogota] sessionController::getUserSessionData(): rol-2
[23-Dec-2024 08:54:39 America/Bogota] sessionController::getUserSessionData(): local-2
[23-Dec-2024 08:54:39 America/Bogota] Admin::construct -> Inicio del controlador Admin
[23-Dec-2024 08:54:39 America/Bogota] Admin::render -> Cargando vista de indexAdmin
[23-Dec-2024 08:54:39 America/Bogota] sessionController::getUserSessionData(): usuario-Oficial@gmail.com
[23-Dec-2024 08:54:39 America/Bogota] sessionController::getUserSessionData(): rol-2
[23-Dec-2024 08:54:39 America/Bogota] sessionController::getUserSessionData(): local-2
[23-Dec-2024 08:55:07 America/Bogota] Iniciando App
[23-Dec-2024 08:55:07 America/Bogota] ===================================================
[23-Dec-2024 08:55:08 America/Bogota] sessionController::getUserSessionData(): usuario-Oficial@gmail.com
[23-Dec-2024 08:55:08 America/Bogota] sessionController::getUserSessionData(): rol-2
[23-Dec-2024 08:55:08 America/Bogota] sessionController::getUserSessionData(): local-2
[23-Dec-2024 08:55:08 America/Bogota] Admin::construct -> Inicio del controlador Admin
[23-Dec-2024 08:55:08 America/Bogota] Admin::render -> Cargando vista de indexAdmin
[23-Dec-2024 08:55:08 America/Bogota] sessionController::getUserSessionData(): usuario-Oficial@gmail.com
[23-Dec-2024 08:55:08 America/Bogota] sessionController::getUserSessionData(): rol-2
[23-Dec-2024 08:55:08 America/Bogota] sessionController::getUserSessionData(): local-2
[23-Dec-2024 08:55:19 America/Bogota] Iniciando App
[23-Dec-2024 08:55:19 America/Bogota] ===================================================
[23-Dec-2024 08:55:20 America/Bogota] sessionController::getUserSessionData(): usuario-Oficial@gmail.com
[23-Dec-2024 08:55:20 America/Bogota] sessionController::getUserSessionData(): rol-2
[23-Dec-2024 08:55:20 America/Bogota] sessionController::getUserSessionData(): local-2
[23-Dec-2024 08:55:20 America/Bogota] Categorias::construct -> Inicio del controlador categorias
[23-Dec-2024 08:55:20 America/Bogota] Categorias::render -> Cargando vista de categorias
[23-Dec-2024 08:55:20 America/Bogota] sessionController::getUserSessionData(): usuario-Oficial@gmail.com
[23-Dec-2024 08:55:20 America/Bogota] sessionController::getUserSessionData(): rol-2
[23-Dec-2024 08:55:20 America/Bogota] sessionController::getUserSessionData(): local-2
[23-Dec-2024 08:55:24 America/Bogota] Iniciando App
[23-Dec-2024 08:55:24 America/Bogota] ===================================================
[23-Dec-2024 08:55:24 America/Bogota] drogueria::construct -> Inicio del controlador drogueria
[23-Dec-2024 08:55:24 America/Bogota] drogueria::render -> Cargando vista de drogueria
[23-Dec-2024 08:55:24 America/Bogota] sessionController::getUserSessionData(): usuario-Oficial@gmail.com
[23-Dec-2024 08:55:24 America/Bogota] sessionController::getUserSessionData(): rol-2
[23-Dec-2024 08:55:24 America/Bogota] sessionController::getUserSessionData(): local-2
[23-Dec-2024 08:55:24 America/Bogota] PHP Warning:  include(views/partials/getProducts_form.php): Failed to open stream: No such file or directory in C:\xampp\htdocs\SamiSalud-POS\views\admin\drogueriaAdmin.php on line 40
[23-Dec-2024 08:55:24 America/Bogota] PHP Warning:  include(): Failed opening 'views/partials/getProducts_form.php' for inclusion (include_path='C:\xampp\php\PEAR') in C:\xampp\htdocs\SamiSalud-POS\views\admin\drogueriaAdmin.php on line 40
[23-Dec-2024 08:55:30 America/Bogota] Iniciando App
[23-Dec-2024 08:55:30 America/Bogota] ===================================================
[23-Dec-2024 08:55:30 America/Bogota] drogueria::construct -> Inicio del controlador drogueria
[23-Dec-2024 08:55:30 America/Bogota] drogueria::render -> Cargando vista de drogueria
[23-Dec-2024 08:55:30 America/Bogota] sessionController::getUserSessionData(): usuario-Oficial@gmail.com
[23-Dec-2024 08:55:30 America/Bogota] sessionController::getUserSessionData(): rol-2
[23-Dec-2024 08:55:30 America/Bogota] sessionController::getUserSessionData(): local-2
[23-Dec-2024 08:55:30 America/Bogota] PHP Warning:  include(views/partials/getProducts_form.php): Failed to open stream: No such file or directory in C:\xampp\htdocs\SamiSalud-POS\views\admin\drogueriaAdmin.php on line 40
[23-Dec-2024 08:55:30 America/Bogota] PHP Warning:  include(): Failed opening 'views/partials/getProducts_form.php' for inclusion (include_path='C:\xampp\php\PEAR') in C:\xampp\htdocs\SamiSalud-POS\views\admin\drogueriaAdmin.php on line 40
[23-Dec-2024 08:56:29 America/Bogota] Iniciando App
[23-Dec-2024 08:56:29 America/Bogota] ===================================================
[23-Dec-2024 08:56:29 America/Bogota] drogueria::construct -> Inicio del controlador drogueria
[23-Dec-2024 08:56:29 America/Bogota] drogueria::render -> Cargando vista de drogueria
[23-Dec-2024 08:56:29 America/Bogota] sessionController::getUserSessionData(): usuario-Oficial@gmail.com
[23-Dec-2024 08:56:29 America/Bogota] sessionController::getUserSessionData(): rol-2
[23-Dec-2024 08:56:29 America/Bogota] sessionController::getUserSessionData(): local-2
[23-Dec-2024 08:56:29 America/Bogota] PHP Warning:  include(views/partials/getProducts_form.php): Failed to open stream: No such file or directory in C:\xampp\htdocs\SamiSalud-POS\views\admin\drogueriaAdmin.php on line 40
[23-Dec-2024 08:56:29 America/Bogota] PHP Warning:  include(): Failed opening 'views/partials/getProducts_form.php' for inclusion (include_path='C:\xampp\php\PEAR') in C:\xampp\htdocs\SamiSalud-POS\views\admin\drogueriaAdmin.php on line 40
[23-Dec-2024 08:57:03 America/Bogota] Iniciando App
[23-Dec-2024 08:57:03 America/Bogota] ===================================================
[23-Dec-2024 08:57:03 America/Bogota] drogueria::construct -> Inicio del controlador drogueria
[23-Dec-2024 08:57:03 America/Bogota] drogueria::render -> Cargando vista de drogueria
[23-Dec-2024 08:57:03 America/Bogota] sessionController::getUserSessionData(): usuario-Oficial@gmail.com
[23-Dec-2024 08:57:03 America/Bogota] sessionController::getUserSessionData(): rol-2
[23-Dec-2024 08:57:03 America/Bogota] sessionController::getUserSessionData(): local-2
[23-Dec-2024 08:57:11 America/Bogota] Iniciando App
[23-Dec-2024 08:57:11 America/Bogota] ===================================================
[23-Dec-2024 08:57:11 America/Bogota] infoID::construct -> Inicio del controlador infoID
[23-Dec-2024 08:57:11 America/Bogota] infoID::show -> Cargando informacin del producto con cdigo de barras: 7703546073882
[23-Dec-2024 08:57:11 America/Bogota] sessionController::getUserSessionData(): usuario-Oficial@gmail.com
[23-Dec-2024 08:57:11 America/Bogota] sessionController::getUserSessionData(): rol-2
[23-Dec-2024 08:57:11 America/Bogota] sessionController::getUserSessionData(): local-2
[23-Dec-2024 08:57:15 America/Bogota] Iniciando App
[23-Dec-2024 08:57:15 America/Bogota] ===================================================
[23-Dec-2024 08:57:15 America/Bogota] sessionController::getUserSessionData(): usuario-Oficial@gmail.com
[23-Dec-2024 08:57:15 America/Bogota] sessionController::getUserSessionData(): rol-2
[23-Dec-2024 08:57:15 America/Bogota] sessionController::getUserSessionData(): local-2
[23-Dec-2024 08:57:15 America/Bogota] Categorias::construct -> Inicio del controlador categorias
[23-Dec-2024 08:57:15 America/Bogota] Categorias::render -> Cargando vista de categorias
[23-Dec-2024 08:57:15 America/Bogota] sessionController::getUserSessionData(): usuario-Oficial@gmail.com
[23-Dec-2024 08:57:15 America/Bogota] sessionController::getUserSessionData(): rol-2
[23-Dec-2024 08:57:15 America/Bogota] sessionController::getUserSessionData(): local-2
[23-Dec-2024 08:57:19 America/Bogota] Iniciando App
[23-Dec-2024 08:57:19 America/Bogota] ===================================================
[23-Dec-2024 08:57:19 America/Bogota] sessionController::getUserSessionData(): usuario-Oficial@gmail.com
[23-Dec-2024 08:57:19 America/Bogota] sessionController::getUserSessionData(): rol-2
[23-Dec-2024 08:57:19 America/Bogota] sessionController::getUserSessionData(): local-2
[23-Dec-2024 08:57:20 America/Bogota] proveedores::render -> Cargando vista de proveedores
[23-Dec-2024 08:57:20 America/Bogota] sessionController::getUserSessionData(): usuario-Oficial@gmail.com
[23-Dec-2024 08:57:20 America/Bogota] sessionController::getUserSessionData(): rol-2
[23-Dec-2024 08:57:20 America/Bogota] sessionController::getUserSessionData(): local-2
[23-Dec-2024 08:57:36 America/Bogota] Iniciando App
[23-Dec-2024 08:57:36 America/Bogota] ===================================================
[23-Dec-2024 08:57:36 America/Bogota] sessionController::getUserSessionData(): usuario-Oficial@gmail.com
[23-Dec-2024 08:57:36 America/Bogota] sessionController::getUserSessionData(): rol-2
[23-Dec-2024 08:57:36 America/Bogota] sessionController::getUserSessionData(): local-2
[23-Dec-2024 08:57:36 America/Bogota] manualCalidad::render -> Cargando vista de manual calidad
[23-Dec-2024 08:57:38 America/Bogota] Iniciando App
[23-Dec-2024 08:57:38 America/Bogota] ===================================================
[23-Dec-2024 08:57:38 America/Bogota] sessionController::getUserSessionData(): usuario-Oficial@gmail.com
[23-Dec-2024 08:57:38 America/Bogota] sessionController::getUserSessionData(): rol-2
[23-Dec-2024 08:57:38 America/Bogota] sessionController::getUserSessionData(): local-2
[23-Dec-2024 08:57:38 America/Bogota] Admin::construct -> Inicio del controlador Gestion residuos
[23-Dec-2024 08:57:38 America/Bogota] Gestion residuos::render -> Cargando vista de Gestion residuos
[23-Dec-2024 08:57:38 America/Bogota] sessionController::getUserSessionData(): usuario-Oficial@gmail.com
[23-Dec-2024 08:57:38 America/Bogota] sessionController::getUserSessionData(): rol-2
[23-Dec-2024 08:57:38 America/Bogota] sessionController::getUserSessionData(): local-2
[23-Dec-2024 08:57:48 America/Bogota] Iniciando App
[23-Dec-2024 08:57:48 America/Bogota] ===================================================
[23-Dec-2024 08:57:48 America/Bogota] sessionController::getUserSessionData(): usuario-Oficial@gmail.com
[23-Dec-2024 08:57:48 America/Bogota] sessionController::getUserSessionData(): rol-2
[23-Dec-2024 08:57:48 America/Bogota] sessionController::getUserSessionData(): local-2
[23-Dec-2024 08:57:48 America/Bogota] Categorias::construct -> Inicio del controlador categorias
[23-Dec-2024 08:57:48 America/Bogota] Categorias::render -> Cargando vista de categorias
[23-Dec-2024 08:57:48 America/Bogota] sessionController::getUserSessionData(): usuario-Oficial@gmail.com
[23-Dec-2024 08:57:48 America/Bogota] sessionController::getUserSessionData(): rol-2
[23-Dec-2024 08:57:48 America/Bogota] sessionController::getUserSessionData(): local-2
[23-Dec-2024 08:57:51 America/Bogota] Iniciando App
[23-Dec-2024 08:57:51 America/Bogota] ===================================================
[23-Dec-2024 08:57:51 America/Bogota] Admin::construct -> Inicio del controlador nevera
[23-Dec-2024 08:57:51 America/Bogota] nevera::render -> Cargando vista de nevera
[23-Dec-2024 08:57:51 America/Bogota] sessionController::getUserSessionData(): usuario-Oficial@gmail.com
[23-Dec-2024 08:57:51 America/Bogota] sessionController::getUserSessionData(): rol-2
[23-Dec-2024 08:57:51 America/Bogota] sessionController::getUserSessionData(): local-2
[23-Dec-2024 08:57:58 America/Bogota] Iniciando App
[23-Dec-2024 08:57:58 America/Bogota] ===================================================
[23-Dec-2024 08:57:58 America/Bogota] infoID::construct -> Inicio del controlador infoID
[23-Dec-2024 08:57:58 America/Bogota] infoID::show -> Cargando informacin del producto con cdigo de barras: 7702192422051
[23-Dec-2024 08:57:59 America/Bogota] sessionController::getUserSessionData(): usuario-Oficial@gmail.com
[23-Dec-2024 08:57:59 America/Bogota] sessionController::getUserSessionData(): rol-2
[23-Dec-2024 08:57:59 America/Bogota] sessionController::getUserSessionData(): local-2
[23-Dec-2024 08:58:04 America/Bogota] Iniciando App
[23-Dec-2024 08:58:04 America/Bogota] ===================================================
[23-Dec-2024 08:58:04 America/Bogota] sessionController::getUserSessionData(): usuario-Oficial@gmail.com
[23-Dec-2024 08:58:04 America/Bogota] sessionController::getUserSessionData(): rol-2
[23-Dec-2024 08:58:04 America/Bogota] sessionController::getUserSessionData(): local-2
[23-Dec-2024 08:58:04 America/Bogota] Iniciando App
[23-Dec-2024 08:58:04 America/Bogota] ===================================================
[23-Dec-2024 08:58:05 America/Bogota] sessionController::getUserSessionData(): usuario-Oficial@gmail.com
[23-Dec-2024 08:58:05 America/Bogota] sessionController::getUserSessionData(): rol-2
[23-Dec-2024 08:58:05 America/Bogota] sessionController::getUserSessionData(): local-2
[23-Dec-2024 08:58:05 America/Bogota] Categorias::construct -> Inicio del controlador categorias
[23-Dec-2024 08:58:05 America/Bogota] Categorias::render -> Cargando vista de categorias
[23-Dec-2024 08:58:05 America/Bogota] sessionController::getUserSessionData(): usuario-Oficial@gmail.com
[23-Dec-2024 08:58:05 America/Bogota] sessionController::getUserSessionData(): rol-2
[23-Dec-2024 08:58:05 America/Bogota] sessionController::getUserSessionData(): local-2
[23-Dec-2024 09:00:00 America/Bogota] Iniciando App
[23-Dec-2024 09:00:00 America/Bogota] ===================================================
[23-Dec-2024 09:00:00 America/Bogota] Admin::construct -> Inicio del controlador dulceria
[23-Dec-2024 09:00:00 America/Bogota] dulceria::render -> Cargando vista de dulceria
[23-Dec-2024 09:00:00 America/Bogota] sessionController::getUserSessionData(): usuario-Oficial@gmail.com
[23-Dec-2024 09:00:00 America/Bogota] sessionController::getUserSessionData(): rol-2
[23-Dec-2024 09:00:00 America/Bogota] sessionController::getUserSessionData(): local-2
[23-Dec-2024 09:00:03 America/Bogota] Iniciando App
[23-Dec-2024 09:00:03 America/Bogota] ===================================================
[23-Dec-2024 09:00:03 America/Bogota] infoID::construct -> Inicio del controlador infoID
[23-Dec-2024 09:00:03 America/Bogota] infoID::show -> Cargando informacin del producto con cdigo de barras: 7702007080742
[23-Dec-2024 09:00:03 America/Bogota] sessionController::getUserSessionData(): usuario-Oficial@gmail.com
[23-Dec-2024 09:00:03 America/Bogota] sessionController::getUserSessionData(): rol-2
[23-Dec-2024 09:00:03 America/Bogota] sessionController::getUserSessionData(): local-2
[23-Dec-2024 09:00:20 America/Bogota] Iniciando App
[23-Dec-2024 09:00:20 America/Bogota] ===================================================
[23-Dec-2024 09:00:20 America/Bogota] sessionController::getUserSessionData(): usuario-Oficial@gmail.com
[23-Dec-2024 09:00:20 America/Bogota] sessionController::getUserSessionData(): rol-2
[23-Dec-2024 09:00:20 America/Bogota] sessionController::getUserSessionData(): local-2
[23-Dec-2024 09:00:20 America/Bogota] Categorias::construct -> Inicio del controlador categorias
[23-Dec-2024 09:00:20 America/Bogota] Categorias::render -> Cargando vista de categorias
[23-Dec-2024 09:00:20 America/Bogota] sessionController::getUserSessionData(): usuario-Oficial@gmail.com
[23-Dec-2024 09:00:20 America/Bogota] sessionController::getUserSessionData(): rol-2
[23-Dec-2024 09:00:20 America/Bogota] sessionController::getUserSessionData(): local-2
[23-Dec-2024 09:00:23 America/Bogota] Iniciando App
[23-Dec-2024 09:00:23 America/Bogota] ===================================================
[23-Dec-2024 09:00:23 America/Bogota] drogueria::construct -> Inicio del controlador drogueria
[23-Dec-2024 09:00:23 America/Bogota] drogueria::render -> Cargando vista de drogueria
[23-Dec-2024 09:00:23 America/Bogota] sessionController::getUserSessionData(): usuario-Oficial@gmail.com
[23-Dec-2024 09:00:23 America/Bogota] sessionController::getUserSessionData(): rol-2
[23-Dec-2024 09:00:23 America/Bogota] sessionController::getUserSessionData(): local-2
